  AirplanePuzzle.cpp
E:\GA5th1Q_Project\DokiDoki Secret Freind\5_Project\Programming\DokiDoki_Secret_Freind\DokiDoki_Secret_Freind\AirplanePuzzle.cpp(84,50): warning C4244: '인수': 'float'에서 'int'(으)로 변환하면서 데이터가 손실될 수 있습니다.
E:\GA5th1Q_Project\DokiDoki Secret Freind\5_Project\Programming\DokiDoki_Secret_Freind\DokiDoki_Secret_Freind\AirplanePuzzle.cpp(84,47): warning C4244: '인수': 'double'에서 'int'(으)로 변환하면서 데이터가 손실될 수 있습니다.
E:\GA5th1Q_Project\DokiDoki Secret Freind\5_Project\Programming\DokiDoki_Secret_Freind\DokiDoki_Secret_Freind\AirplanePuzzle.cpp(84,44): warning C4244: '인수': 'double'에서 'int'(으)로 변환하면서 데이터가 손실될 수 있습니다.
  Arrow.cpp
  Back2.cpp
E:\GA5th1Q_Project\DokiDoki Secret Freind\5_Project\Programming\DokiDoki_Secret_Freind\DokiDoki_Secret_Freind\SoundManager.h(4,10): error C1083: 포함 파일을 열 수 없습니다. 'fmod.h': No such file or directory
  (소스 파일 'Arrow.cpp'을(를) 컴파일하는 중)
  
E:\GA5th1Q_Project\DokiDoki Secret Freind\5_Project\Programming\DokiDoki_Secret_Freind\DokiDoki_Secret_Freind\Back2.cpp(20,52): warning C4244: '인수': 'double'에서 'int'(으)로 변환하면서 데이터가 손실될 수 있습니다.
E:\GA5th1Q_Project\DokiDoki Secret Freind\5_Project\Programming\DokiDoki_Secret_Freind\DokiDoki_Secret_Freind\Back2.cpp(20,49): warning C4244: '인수': 'double'에서 'int'(으)로 변환하면서 데이터가 손실될 수 있습니다.
  Background.cpp
E:\GA5th1Q_Project\DokiDoki Secret Freind\5_Project\Programming\DokiDoki_Secret_Freind\DokiDoki_Secret_Freind\PathManager.h(20,2): warning C4091: 'typedef ': 변수를 선언하지 않으면 'E_PATH' 왼쪽은 무시됩니다.
  (소스 파일 'Background.cpp'을(를) 컴파일하는 중)
  
  Credit.cpp
E:\GA5th1Q_Project\DokiDoki Secret Freind\5_Project\Programming\DokiDoki_Secret_Freind\DokiDoki_Secret_Freind\SceneManager.h(19,2): warning C4091: 'typedef ': 변수를 선언하지 않으면 'E_SCENE' 왼쪽은 무시됩니다.
  (소스 파일 'Credit.cpp'을(를) 컴파일하는 중)
  
E:\GA5th1Q_Project\DokiDoki Secret Freind\5_Project\Programming\DokiDoki_Secret_Freind\DokiDoki_Secret_Freind\SoundManager.h(4,10): error C1083: 포함 파일을 열 수 없습니다. 'fmod.h': No such file or directory
  (소스 파일 'Credit.cpp'을(를) 컴파일하는 중)
  
  CreditBack.cpp
E:\GA5th1Q_Project\DokiDoki Secret Freind\5_Project\Programming\DokiDoki_Secret_Freind\DokiDoki_Secret_Freind\PathManager.h(20,2): warning C4091: 'typedef ': 변수를 선언하지 않으면 'E_PATH' 왼쪽은 무시됩니다.
  (소스 파일 'CreditBack.cpp'을(를) 컴파일하는 중)
  
E:\GA5th1Q_Project\DokiDoki Secret Freind\5_Project\Programming\DokiDoki_Secret_Freind\DokiDoki_Secret_Freind\SceneManager.h(19,2): warning C4091: 'typedef ': 변수를 선언하지 않으면 'E_SCENE' 왼쪽은 무시됩니다.
  (소스 파일 'CreditBack.cpp'을(를) 컴파일하는 중)
  
  CreditScene.cpp
E:\GA5th1Q_Project\DokiDoki Secret Freind\5_Project\Programming\DokiDoki_Secret_Freind\DokiDoki_Secret_Freind\PathManager.h(20,2): warning C4091: 'typedef ': 변수를 선언하지 않으면 'E_PATH' 왼쪽은 무시됩니다.
  (소스 파일 'CreditScene.cpp'을(를) 컴파일하는 중)
  
E:\GA5th1Q_Project\DokiDoki Secret Freind\5_Project\Programming\DokiDoki_Secret_Freind\DokiDoki_Secret_Freind\SoundManager.h(4,10): error C1083: 포함 파일을 열 수 없습니다. 'fmod.h': No such file or directory
  (소스 파일 'CreditScene.cpp'을(를) 컴파일하는 중)
  
  Desk.cpp
E:\GA5th1Q_Project\DokiDoki Secret Freind\5_Project\Programming\DokiDoki_Secret_Freind\DokiDoki_Secret_Freind\PathManager.h(20,2): warning C4091: 'typedef ': 변수를 선언하지 않으면 'E_PATH' 왼쪽은 무시됩니다.
  (소스 파일 'Desk.cpp'을(를) 컴파일하는 중)
  
E:\GA5th1Q_Project\DokiDoki Secret Freind\5_Project\Programming\DokiDoki_Secret_Freind\DokiDoki_Secret_Freind\Desk.cpp(81,17): warning C4805: '==': 연산에 'BOOL' 형식과 'bool' 형식을 함께 사용하는 것은 안전하지 않습니다.
E:\GA5th1Q_Project\DokiDoki Secret Freind\5_Project\Programming\DokiDoki_Secret_Freind\DokiDoki_Secret_Freind\Desk.cpp(81,35): warning C4805: '==': 연산에 'BOOL' 형식과 'bool' 형식을 함께 사용하는 것은 안전하지 않습니다.
E:\GA5th1Q_Project\DokiDoki Secret Freind\5_Project\Programming\DokiDoki_Secret_Freind\DokiDoki_Secret_Freind\Desk.cpp(90,17): warning C4805: '==': 연산에 'BOOL' 형식과 'bool' 형식을 함께 사용하는 것은 안전하지 않습니다.
E:\GA5th1Q_Project\DokiDoki Secret Freind\5_Project\Programming\DokiDoki_Secret_Freind\DokiDoki_Secret_Freind\Desk.cpp(101,16): warning C4805: '==': 연산에 'BOOL' 형식과 'bool' 형식을 함께 사용하는 것은 안전하지 않습니다.
E:\GA5th1Q_Project\DokiDoki Secret Freind\5_Project\Programming\DokiDoki_Secret_Freind\DokiDoki_Secret_Freind\Desk.cpp(109,66): warning C4805: '==': 연산에 'BOOL' 형식과 'bool' 형식을 함께 사용하는 것은 안전하지 않습니다.
  Dialog.cpp
E:\GA5th1Q_Project\DokiDoki Secret Freind\5_Project\Programming\DokiDoki_Secret_Freind\DokiDoki_Secret_Freind\PathManager.h(20,2): warning C4091: 'typedef ': 변수를 선언하지 않으면 'E_PATH' 왼쪽은 무시됩니다.
  (소스 파일 'Dialog.cpp'을(를) 컴파일하는 중)
  
  Dialog1.cpp
E:\GA5th1Q_Project\DokiDoki Secret Freind\5_Project\Programming\DokiDoki_Secret_Freind\DokiDoki_Secret_Freind\PathManager.h(20,2): warning C4091: 'typedef ': 변수를 선언하지 않으면 'E_PATH' 왼쪽은 무시됩니다.
  (소스 파일 'Dialog1.cpp'을(를) 컴파일하는 중)
  
E:\GA5th1Q_Project\DokiDoki Secret Freind\5_Project\Programming\DokiDoki_Secret_Freind\DokiDoki_Secret_Freind\SceneManager.h(19,2): warning C4091: 'typedef ': 변수를 선언하지 않으면 'E_SCENE' 왼쪽은 무시됩니다.
  (소스 파일 'Dialog1.cpp'을(를) 컴파일하는 중)
  
E:\GA5th1Q_Project\DokiDoki Secret Freind\5_Project\Programming\DokiDoki_Secret_Freind\DokiDoki_Secret_Freind\SoundManager.h(4,10): error C1083: 포함 파일을 열 수 없습니다. 'fmod.h': No such file or directory
  (소스 파일 'Dialog1.cpp'을(를) 컴파일하는 중)
  
  Dialog2.cpp
E:\GA5th1Q_Project\DokiDoki Secret Freind\5_Project\Programming\DokiDoki_Secret_Freind\DokiDoki_Secret_Freind\PathManager.h(20,2): warning C4091: 'typedef ': 변수를 선언하지 않으면 'E_PATH' 왼쪽은 무시됩니다.
  (소스 파일 'Dialog2.cpp'을(를) 컴파일하는 중)
  
E:\GA5th1Q_Project\DokiDoki Secret Freind\5_Project\Programming\DokiDoki_Secret_Freind\DokiDoki_Secret_Freind\SceneManager.h(19,2): warning C4091: 'typedef ': 변수를 선언하지 않으면 'E_SCENE' 왼쪽은 무시됩니다.
  (소스 파일 'Dialog2.cpp'을(를) 컴파일하는 중)
  
E:\GA5th1Q_Project\DokiDoki Secret Freind\5_Project\Programming\DokiDoki_Secret_Freind\DokiDoki_Secret_Freind\SoundManager.h(4,10): error C1083: 포함 파일을 열 수 없습니다. 'fmod.h': No such file or directory
  (소스 파일 'Dialog2.cpp'을(를) 컴파일하는 중)
  
  Dialog3.cpp
E:\GA5th1Q_Project\DokiDoki Secret Freind\5_Project\Programming\DokiDoki_Secret_Freind\DokiDoki_Secret_Freind\PathManager.h(20,2): warning C4091: 'typedef ': 변수를 선언하지 않으면 'E_PATH' 왼쪽은 무시됩니다.
  (소스 파일 'Dialog3.cpp'을(를) 컴파일하는 중)
  
E:\GA5th1Q_Project\DokiDoki Secret Freind\5_Project\Programming\DokiDoki_Secret_Freind\DokiDoki_Secret_Freind\SceneManager.h(19,2): warning C4091: 'typedef ': 변수를 선언하지 않으면 'E_SCENE' 왼쪽은 무시됩니다.
  (소스 파일 'Dialog3.cpp'을(를) 컴파일하는 중)
  
E:\GA5th1Q_Project\DokiDoki Secret Freind\5_Project\Programming\DokiDoki_Secret_Freind\DokiDoki_Secret_Freind\SoundManager.h(4,10): error C1083: 포함 파일을 열 수 없습니다. 'fmod.h': No such file or directory
  (소스 파일 'Dialog3.cpp'을(를) 컴파일하는 중)
  
  End.cpp
E:\GA5th1Q_Project\DokiDoki Secret Freind\5_Project\Programming\DokiDoki_Secret_Freind\DokiDoki_Secret_Freind\PathManager.h(20,2): warning C4091: 'typedef ': 변수를 선언하지 않으면 'E_PATH' 왼쪽은 무시됩니다.
  (소스 파일 'End.cpp'을(를) 컴파일하는 중)
  
E:\GA5th1Q_Project\DokiDoki Secret Freind\5_Project\Programming\DokiDoki_Secret_Freind\DokiDoki_Secret_Freind\SceneManager.h(19,2): warning C4091: 'typedef ': 변수를 선언하지 않으면 'E_SCENE' 왼쪽은 무시됩니다.
  (소스 파일 'End.cpp'을(를) 컴파일하는 중)
  
E:\GA5th1Q_Project\DokiDoki Secret Freind\5_Project\Programming\DokiDoki_Secret_Freind\DokiDoki_Secret_Freind\SoundManager.h(4,10): error C1083: 포함 파일을 열 수 없습니다. 'fmod.h': No such file or directory
  (소스 파일 'End.cpp'을(를) 컴파일하는 중)
  
  EndingIMG.cpp
E:\GA5th1Q_Project\DokiDoki Secret Freind\5_Project\Programming\DokiDoki_Secret_Freind\DokiDoki_Secret_Freind\PathManager.h(20,2): warning C4091: 'typedef ': 변수를 선언하지 않으면 'E_PATH' 왼쪽은 무시됩니다.
  (소스 파일 'EndingIMG.cpp'을(를) 컴파일하는 중)
  
E:\GA5th1Q_Project\DokiDoki Secret Freind\5_Project\Programming\DokiDoki_Secret_Freind\DokiDoki_Secret_Freind\SceneManager.h(19,2): warning C4091: 'typedef ': 변수를 선언하지 않으면 'E_SCENE' 왼쪽은 무시됩니다.
  (소스 파일 'EndingIMG.cpp'을(를) 컴파일하는 중)
  
E:\GA5th1Q_Project\DokiDoki Secret Freind\5_Project\Programming\DokiDoki_Secret_Freind\DokiDoki_Secret_Freind\SoundManager.h(4,10): error C1083: 포함 파일을 열 수 없습니다. 'fmod.h': No such file or directory
  (소스 파일 'EndingIMG.cpp'을(를) 컴파일하는 중)
  
  Exit.cpp
E:\GA5th1Q_Project\DokiDoki Secret Freind\5_Project\Programming\DokiDoki_Secret_Freind\DokiDoki_Secret_Freind\PathManager.h(20,2): warning C4091: 'typedef ': 변수를 선언하지 않으면 'E_PATH' 왼쪽은 무시됩니다.
  (소스 파일 'Exit.cpp'을(를) 컴파일하는 중)
  
E:\GA5th1Q_Project\DokiDoki Secret Freind\5_Project\Programming\DokiDoki_Secret_Freind\DokiDoki_Secret_Freind\Exit.cpp(39,22): warning C4805: '==': 연산에 'BOOL' 형식과 'bool' 형식을 함께 사용하는 것은 안전하지 않습니다.
E:\GA5th1Q_Project\DokiDoki Secret Freind\5_Project\Programming\DokiDoki_Secret_Freind\DokiDoki_Secret_Freind\Exit.cpp(52,17): warning C4805: '==': 연산에 'BOOL' 형식과 'bool' 형식을 함께 사용하는 것은 안전하지 않습니다.
  GameManager.cpp
E:\GA5th1Q_Project\DokiDoki Secret Freind\5_Project\Programming\DokiDoki_Secret_Freind\DokiDoki_Secret_Freind\SceneManager.h(19,2): warning C4091: 'typedef ': 변수를 선언하지 않으면 'E_SCENE' 왼쪽은 무시됩니다.
  (소스 파일 'GameManager.cpp'을(를) 컴파일하는 중)
  
  InputSystem.cpp
  IntroScene.cpp
E:\GA5th1Q_Project\DokiDoki Secret Freind\5_Project\Programming\DokiDoki_Secret_Freind\DokiDoki_Secret_Freind\PathManager.h(20,2): warning C4091: 'typedef ': 변수를 선언하지 않으면 'E_PATH' 왼쪽은 무시됩니다.
  (소스 파일 'IntroScene.cpp'을(를) 컴파일하는 중)
  
E:\GA5th1Q_Project\DokiDoki Secret Freind\5_Project\Programming\DokiDoki_Secret_Freind\DokiDoki_Secret_Freind\SceneManager.h(19,2): warning C4091: 'typedef ': 변수를 선언하지 않으면 'E_SCENE' 왼쪽은 무시됩니다.
  (소스 파일 'IntroScene.cpp'을(를) 컴파일하는 중)
  
E:\GA5th1Q_Project\DokiDoki Secret Freind\5_Project\Programming\DokiDoki_Secret_Freind\DokiDoki_Secret_Freind\SoundManager.h(4,10): error C1083: 포함 파일을 열 수 없습니다. 'fmod.h': No such file or directory
  (소스 파일 'IntroScene.cpp'을(를) 컴파일하는 중)
  
  JudgeRhythm.cpp
E:\GA5th1Q_Project\DokiDoki Secret Freind\5_Project\Programming\DokiDoki_Secret_Freind\DokiDoki_Secret_Freind\PathManager.h(20,2): warning C4091: 'typedef ': 변수를 선언하지 않으면 'E_PATH' 왼쪽은 무시됩니다.
  (소스 파일 'JudgeRhythm.cpp'을(를) 컴파일하는 중)
  
  LateScore.cpp
  코드를 생성하고 있습니다...
  컴파일하고 있습니다...
  Note.cpp
E:\GA5th1Q_Project\DokiDoki Secret Freind\5_Project\Programming\DokiDoki_Secret_Freind\DokiDoki_Secret_Freind\PathManager.h(20,2): warning C4091: 'typedef ': 변수를 선언하지 않으면 'E_PATH' 왼쪽은 무시됩니다.
  (소스 파일 'Note.cpp'을(를) 컴파일하는 중)
  
E:\GA5th1Q_Project\DokiDoki Secret Freind\5_Project\Programming\DokiDoki_Secret_Freind\DokiDoki_Secret_Freind\Note.cpp(38,22): warning C4805: '==': 연산에 'BOOL' 형식과 'bool' 형식을 함께 사용하는 것은 안전하지 않습니다.
E:\GA5th1Q_Project\DokiDoki Secret Freind\5_Project\Programming\DokiDoki_Secret_Freind\DokiDoki_Secret_Freind\Note.cpp(50,17): warning C4805: '==': 연산에 'BOOL' 형식과 'bool' 형식을 함께 사용하는 것은 안전하지 않습니다.
E:\GA5th1Q_Project\DokiDoki Secret Freind\5_Project\Programming\DokiDoki_Secret_Freind\DokiDoki_Secret_Freind\Note.cpp(50,35): warning C4805: '==': 연산에 'BOOL' 형식과 'bool' 형식을 함께 사용하는 것은 안전하지 않습니다.
E:\GA5th1Q_Project\DokiDoki Secret Freind\5_Project\Programming\DokiDoki_Secret_Freind\DokiDoki_Secret_Freind\Note.cpp(60,17): warning C4805: '==': 연산에 'BOOL' 형식과 'bool' 형식을 함께 사용하는 것은 안전하지 않습니다.
E:\GA5th1Q_Project\DokiDoki Secret Freind\5_Project\Programming\DokiDoki_Secret_Freind\DokiDoki_Secret_Freind\Note.cpp(71,16): warning C4805: '==': 연산에 'BOOL' 형식과 'bool' 형식을 함께 사용하는 것은 안전하지 않습니다.
E:\GA5th1Q_Project\DokiDoki Secret Freind\5_Project\Programming\DokiDoki_Secret_Freind\DokiDoki_Secret_Freind\Note.cpp(78,66): warning C4805: '==': 연산에 'BOOL' 형식과 'bool' 형식을 함께 사용하는 것은 안전하지 않습니다.
  ParcingObj.cpp
  PerfectScore.cpp
  Popup0.cpp
E:\GA5th1Q_Project\DokiDoki Secret Freind\5_Project\Programming\DokiDoki_Secret_Freind\DokiDoki_Secret_Freind\PathManager.h(20,2): warning C4091: 'typedef ': 변수를 선언하지 않으면 'E_PATH' 왼쪽은 무시됩니다.
  (소스 파일 'Popup0.cpp'을(를) 컴파일하는 중)
  
E:\GA5th1Q_Project\DokiDoki Secret Freind\5_Project\Programming\DokiDoki_Secret_Freind\DokiDoki_Secret_Freind\Popup0.cpp(53,17): warning C4805: '==': 연산에 'BOOL' 형식과 'bool' 형식을 함께 사용하는 것은 안전하지 않습니다.
  Popup1.cpp
E:\GA5th1Q_Project\DokiDoki Secret Freind\5_Project\Programming\DokiDoki_Secret_Freind\DokiDoki_Secret_Freind\PathManager.h(20,2): warning C4091: 'typedef ': 변수를 선언하지 않으면 'E_PATH' 왼쪽은 무시됩니다.
  (소스 파일 'Popup1.cpp'을(를) 컴파일하는 중)
  
E:\GA5th1Q_Project\DokiDoki Secret Freind\5_Project\Programming\DokiDoki_Secret_Freind\DokiDoki_Secret_Freind\Popup1.cpp(54,17): warning C4805: '==': 연산에 'BOOL' 형식과 'bool' 형식을 함께 사용하는 것은 안전하지 않습니다.
  Popup2.cpp
E:\GA5th1Q_Project\DokiDoki Secret Freind\5_Project\Programming\DokiDoki_Secret_Freind\DokiDoki_Secret_Freind\PathManager.h(20,2): warning C4091: 'typedef ': 변수를 선언하지 않으면 'E_PATH' 왼쪽은 무시됩니다.
  (소스 파일 'Popup2.cpp'을(를) 컴파일하는 중)
  
E:\GA5th1Q_Project\DokiDoki Secret Freind\5_Project\Programming\DokiDoki_Secret_Freind\DokiDoki_Secret_Freind\Popup2.cpp(53,17): warning C4805: '==': 연산에 'BOOL' 형식과 'bool' 형식을 함께 사용하는 것은 안전하지 않습니다.
  Popup3.cpp
E:\GA5th1Q_Project\DokiDoki Secret Freind\5_Project\Programming\DokiDoki_Secret_Freind\DokiDoki_Secret_Freind\PathManager.h(20,2): warning C4091: 'typedef ': 변수를 선언하지 않으면 'E_PATH' 왼쪽은 무시됩니다.
  (소스 파일 'Popup3.cpp'을(를) 컴파일하는 중)
  
E:\GA5th1Q_Project\DokiDoki Secret Freind\5_Project\Programming\DokiDoki_Secret_Freind\DokiDoki_Secret_Freind\Popup3.cpp(53,17): warning C4805: '==': 연산에 'BOOL' 형식과 'bool' 형식을 함께 사용하는 것은 안전하지 않습니다.
  Popup4.cpp
E:\GA5th1Q_Project\DokiDoki Secret Freind\5_Project\Programming\DokiDoki_Secret_Freind\DokiDoki_Secret_Freind\PathManager.h(20,2): warning C4091: 'typedef ': 변수를 선언하지 않으면 'E_PATH' 왼쪽은 무시됩니다.
  (소스 파일 'Popup4.cpp'을(를) 컴파일하는 중)
  
E:\GA5th1Q_Project\DokiDoki Secret Freind\5_Project\Programming\DokiDoki_Secret_Freind\DokiDoki_Secret_Freind\SceneManager.h(19,2): warning C4091: 'typedef ': 변수를 선언하지 않으면 'E_SCENE' 왼쪽은 무시됩니다.
  (소스 파일 'Popup4.cpp'을(를) 컴파일하는 중)
  
E:\GA5th1Q_Project\DokiDoki Secret Freind\5_Project\Programming\DokiDoki_Secret_Freind\DokiDoki_Secret_Freind\Popup4.cpp(54,17): warning C4805: '==': 연산에 'BOOL' 형식과 'bool' 형식을 함께 사용하는 것은 안전하지 않습니다.
  RabbitPuzzle.cpp
E:\GA5th1Q_Project\DokiDoki Secret Freind\5_Project\Programming\DokiDoki_Secret_Freind\DokiDoki_Secret_Freind\RabbitPuzzle.cpp(83,50): warning C4244: '인수': 'float'에서 'int'(으)로 변환하면서 데이터가 손실될 수 있습니다.
E:\GA5th1Q_Project\DokiDoki Secret Freind\5_Project\Programming\DokiDoki_Secret_Freind\DokiDoki_Secret_Freind\RabbitPuzzle.cpp(83,47): warning C4244: '인수': 'double'에서 'int'(으)로 변환하면서 데이터가 손실될 수 있습니다.
E:\GA5th1Q_Project\DokiDoki Secret Freind\5_Project\Programming\DokiDoki_Secret_Freind\DokiDoki_Secret_Freind\RabbitPuzzle.cpp(83,44): warning C4244: '인수': 'double'에서 'int'(으)로 변환하면서 데이터가 손실될 수 있습니다.
  RBG.cpp
E:\GA5th1Q_Project\DokiDoki Secret Freind\5_Project\Programming\DokiDoki_Secret_Freind\DokiDoki_Secret_Freind\PathManager.h(20,2): warning C4091: 'typedef ': 변수를 선언하지 않으면 'E_PATH' 왼쪽은 무시됩니다.
  (소스 파일 'RBG.cpp'을(를) 컴파일하는 중)
  
  St3Bk.cpp
E:\GA5th1Q_Project\DokiDoki Secret Freind\5_Project\Programming\DokiDoki_Secret_Freind\DokiDoki_Secret_Freind\PathManager.h(20,2): warning C4091: 'typedef ': 변수를 선언하지 않으면 'E_PATH' 왼쪽은 무시됩니다.
  (소스 파일 'St3Bk.cpp'을(를) 컴파일하는 중)
  
E:\GA5th1Q_Project\DokiDoki Secret Freind\5_Project\Programming\DokiDoki_Secret_Freind\DokiDoki_Secret_Freind\St3Bk.cpp(19,52): warning C4244: '인수': 'double'에서 'int'(으)로 변환하면서 데이터가 손실될 수 있습니다.
E:\GA5th1Q_Project\DokiDoki Secret Freind\5_Project\Programming\DokiDoki_Secret_Freind\DokiDoki_Secret_Freind\St3Bk.cpp(19,49): warning C4244: '인수': 'double'에서 'int'(으)로 변환하면서 데이터가 손실될 수 있습니다.
  Stage1Result.cpp
E:\GA5th1Q_Project\DokiDoki Secret Freind\5_Project\Programming\DokiDoki_Secret_Freind\DokiDoki_Secret_Freind\PathManager.h(20,2): warning C4091: 'typedef ': 변수를 선언하지 않으면 'E_PATH' 왼쪽은 무시됩니다.
  (소스 파일 'Stage1Result.cpp'을(를) 컴파일하는 중)
  
E:\GA5th1Q_Project\DokiDoki Secret Freind\5_Project\Programming\DokiDoki_Secret_Freind\DokiDoki_Secret_Freind\SceneManager.h(19,2): warning C4091: 'typedef ': 변수를 선언하지 않으면 'E_SCENE' 왼쪽은 무시됩니다.
  (소스 파일 'Stage1Result.cpp'을(를) 컴파일하는 중)
  
E:\GA5th1Q_Project\DokiDoki Secret Freind\5_Project\Programming\DokiDoki_Secret_Freind\DokiDoki_Secret_Freind\Stage1Result.cpp(77,23): warning C4805: '==': 연산에 'BOOL' 형식과 'bool' 형식을 함께 사용하는 것은 안전하지 않습니다.
  Start.cpp
E:\GA5th1Q_Project\DokiDoki Secret Freind\5_Project\Programming\DokiDoki_Secret_Freind\DokiDoki_Secret_Freind\PathManager.h(20,2): warning C4091: 'typedef ': 변수를 선언하지 않으면 'E_PATH' 왼쪽은 무시됩니다.
  (소스 파일 'Start.cpp'을(를) 컴파일하는 중)
  
E:\GA5th1Q_Project\DokiDoki Secret Freind\5_Project\Programming\DokiDoki_Secret_Freind\DokiDoki_Secret_Freind\Start.cpp(36,23): warning C4805: '==': 연산에 'BOOL' 형식과 'bool' 형식을 함께 사용하는 것은 안전하지 않습니다.
  StartBG.cpp
E:\GA5th1Q_Project\DokiDoki Secret Freind\5_Project\Programming\DokiDoki_Secret_Freind\DokiDoki_Secret_Freind\PathManager.h(20,2): warning C4091: 'typedef ': 변수를 선언하지 않으면 'E_PATH' 왼쪽은 무시됩니다.
  (소스 파일 'StartBG.cpp'을(를) 컴파일하는 중)
  
  Title.cpp
E:\GA5th1Q_Project\DokiDoki Secret Freind\5_Project\Programming\DokiDoki_Secret_Freind\DokiDoki_Secret_Freind\SceneManager.h(19,2): warning C4091: 'typedef ': 변수를 선언하지 않으면 'E_SCENE' 왼쪽은 무시됩니다.
  (소스 파일 'Title.cpp'을(를) 컴파일하는 중)
  
E:\GA5th1Q_Project\DokiDoki Secret Freind\5_Project\Programming\DokiDoki_Secret_Freind\DokiDoki_Secret_Freind\PathManager.h(20,2): warning C4091: 'typedef ': 변수를 선언하지 않으면 'E_PATH' 왼쪽은 무시됩니다.
  (소스 파일 'Title.cpp'을(를) 컴파일하는 중)
  
E:\GA5th1Q_Project\DokiDoki Secret Freind\5_Project\Programming\DokiDoki_Secret_Freind\DokiDoki_Secret_Freind\SoundManager.h(4,10): error C1083: 포함 파일을 열 수 없습니다. 'fmod.h': No such file or directory
  (소스 파일 'Title.cpp'을(를) 컴파일하는 중)
  
  TitleBack.cpp
E:\GA5th1Q_Project\DokiDoki Secret Freind\5_Project\Programming\DokiDoki_Secret_Freind\DokiDoki_Secret_Freind\TitleBack.cpp(19,52): warning C4244: '인수': 'double'에서 'int'(으)로 변환하면서 데이터가 손실될 수 있습니다.
E:\GA5th1Q_Project\DokiDoki Secret Freind\5_Project\Programming\DokiDoki_Secret_Freind\DokiDoki_Secret_Freind\TitleBack.cpp(19,49): warning C4244: '인수': 'double'에서 'int'(으)로 변환하면서 데이터가 손실될 수 있습니다.
  TitleObj.cpp
  TreePuzzle.cpp
E:\GA5th1Q_Project\DokiDoki Secret Freind\5_Project\Programming\DokiDoki_Secret_Freind\DokiDoki_Secret_Freind\TreePuzzle.cpp(83,50): warning C4244: '인수': 'float'에서 'int'(으)로 변환하면서 데이터가 손실될 수 있습니다.
E:\GA5th1Q_Project\DokiDoki Secret Freind\5_Project\Programming\DokiDoki_Secret_Freind\DokiDoki_Secret_Freind\TreePuzzle.cpp(83,47): warning C4244: '인수': 'double'에서 'int'(으)로 변환하면서 데이터가 손실될 수 있습니다.
E:\GA5th1Q_Project\DokiDoki Secret Freind\5_Project\Programming\DokiDoki_Secret_Freind\DokiDoki_Secret_Freind\TreePuzzle.cpp(83,44): warning C4244: '인수': 'double'에서 'int'(으)로 변환하면서 데이터가 손실될 수 있습니다.
  UI0.cpp
E:\GA5th1Q_Project\DokiDoki Secret Freind\5_Project\Programming\DokiDoki_Secret_Freind\DokiDoki_Secret_Freind\PathManager.h(20,2): warning C4091: 'typedef ': 변수를 선언하지 않으면 'E_PATH' 왼쪽은 무시됩니다.
  (소스 파일 'UI0.cpp'을(를) 컴파일하는 중)
  
  UI1.cpp
E:\GA5th1Q_Project\DokiDoki Secret Freind\5_Project\Programming\DokiDoki_Secret_Freind\DokiDoki_Secret_Freind\PathManager.h(20,2): warning C4091: 'typedef ': 변수를 선언하지 않으면 'E_PATH' 왼쪽은 무시됩니다.
  (소스 파일 'UI1.cpp'을(를) 컴파일하는 중)
  
  코드를 생성하고 있습니다...
  컴파일하고 있습니다...
  UI2.cpp
E:\GA5th1Q_Project\DokiDoki Secret Freind\5_Project\Programming\DokiDoki_Secret_Freind\DokiDoki_Secret_Freind\PathManager.h(20,2): warning C4091: 'typedef ': 변수를 선언하지 않으면 'E_PATH' 왼쪽은 무시됩니다.
  (소스 파일 'UI2.cpp'을(를) 컴파일하는 중)
  
  UI3.cpp
E:\GA5th1Q_Project\DokiDoki Secret Freind\5_Project\Programming\DokiDoki_Secret_Freind\DokiDoki_Secret_Freind\PathManager.h(20,2): warning C4091: 'typedef ': 변수를 선언하지 않으면 'E_PATH' 왼쪽은 무시됩니다.
  (소스 파일 'UI3.cpp'을(를) 컴파일하는 중)
  
  Window.cpp
E:\GA5th1Q_Project\DokiDoki Secret Freind\5_Project\Programming\DokiDoki_Secret_Freind\DokiDoki_Secret_Freind\PathManager.h(20,2): warning C4091: 'typedef ': 변수를 선언하지 않으면 'E_PATH' 왼쪽은 무시됩니다.
  (소스 파일 'Window.cpp'을(를) 컴파일하는 중)
  
E:\GA5th1Q_Project\DokiDoki Secret Freind\5_Project\Programming\DokiDoki_Secret_Freind\DokiDoki_Secret_Freind\Window.cpp(40,24): warning C4805: '==': 연산에 'BOOL' 형식과 'bool' 형식을 함께 사용하는 것은 안전하지 않습니다.
E:\GA5th1Q_Project\DokiDoki Secret Freind\5_Project\Programming\DokiDoki_Secret_Freind\DokiDoki_Secret_Freind\Window.cpp(53,17): warning C4805: '==': 연산에 'BOOL' 형식과 'bool' 형식을 함께 사용하는 것은 안전하지 않습니다.
E:\GA5th1Q_Project\DokiDoki Secret Freind\5_Project\Programming\DokiDoki_Secret_Freind\DokiDoki_Secret_Freind\Window.cpp(53,35): warning C4805: '==': 연산에 'BOOL' 형식과 'bool' 형식을 함께 사용하는 것은 안전하지 않습니다.
E:\GA5th1Q_Project\DokiDoki Secret Freind\5_Project\Programming\DokiDoki_Secret_Freind\DokiDoki_Secret_Freind\Window.cpp(64,17): warning C4805: '==': 연산에 'BOOL' 형식과 'bool' 형식을 함께 사용하는 것은 안전하지 않습니다.
E:\GA5th1Q_Project\DokiDoki Secret Freind\5_Project\Programming\DokiDoki_Secret_Freind\DokiDoki_Secret_Freind\Window.cpp(75,16): warning C4805: '==': 연산에 'BOOL' 형식과 'bool' 형식을 함께 사용하는 것은 안전하지 않습니다.
E:\GA5th1Q_Project\DokiDoki Secret Freind\5_Project\Programming\DokiDoki_Secret_Freind\DokiDoki_Secret_Freind\Window.cpp(83,66): warning C4805: '==': 연산에 'BOOL' 형식과 'bool' 형식을 함께 사용하는 것은 안전하지 않습니다.
  Board.cpp
E:\GA5th1Q_Project\DokiDoki Secret Freind\5_Project\Programming\DokiDoki_Secret_Freind\DokiDoki_Secret_Freind\PathManager.h(20,2): warning C4091: 'typedef ': 변수를 선언하지 않으면 'E_PATH' 왼쪽은 무시됩니다.
  (소스 파일 'Board.cpp'을(를) 컴파일하는 중)
  
  Object.cpp
E:\GA5th1Q_Project\DokiDoki Secret Freind\5_Project\Programming\DokiDoki_Secret_Freind\DokiDoki_Secret_Freind\Board.cpp(38,23): warning C4805: '==': 연산에 'BOOL' 형식과 'bool' 형식을 함께 사용하는 것은 안전하지 않습니다.
E:\GA5th1Q_Project\DokiDoki Secret Freind\5_Project\Programming\DokiDoki_Secret_Freind\DokiDoki_Secret_Freind\Board.cpp(50,17): warning C4805: '==': 연산에 'BOOL' 형식과 'bool' 형식을 함께 사용하는 것은 안전하지 않습니다.
E:\GA5th1Q_Project\DokiDoki Secret Freind\5_Project\Programming\DokiDoki_Secret_Freind\DokiDoki_Secret_Freind\Board.cpp(50,35): warning C4805: '==': 연산에 'BOOL' 형식과 'bool' 형식을 함께 사용하는 것은 안전하지 않습니다.
E:\GA5th1Q_Project\DokiDoki Secret Freind\5_Project\Programming\DokiDoki_Secret_Freind\DokiDoki_Secret_Freind\Board.cpp(60,17): warning C4805: '==': 연산에 'BOOL' 형식과 'bool' 형식을 함께 사용하는 것은 안전하지 않습니다.
E:\GA5th1Q_Project\DokiDoki Secret Freind\5_Project\Programming\DokiDoki_Secret_Freind\DokiDoki_Secret_Freind\Board.cpp(71,16): warning C4805: '==': 연산에 'BOOL' 형식과 'bool' 형식을 함께 사용하는 것은 안전하지 않습니다.
E:\GA5th1Q_Project\DokiDoki Secret Freind\5_Project\Programming\DokiDoki_Secret_Freind\DokiDoki_Secret_Freind\Board.cpp(78,66): warning C4805: '==': 연산에 'BOOL' 형식과 'bool' 형식을 함께 사용하는 것은 안전하지 않습니다.
  PathManager.cpp
E:\GA5th1Q_Project\DokiDoki Secret Freind\5_Project\Programming\DokiDoki_Secret_Freind\DokiDoki_Secret_Freind\PathManager.h(20,2): warning C4091: 'typedef ': 변수를 선언하지 않으면 'E_PATH' 왼쪽은 무시됩니다.
  (소스 파일 'PathManager.cpp'을(를) 컴파일하는 중)
  
  Player.cpp
E:\GA5th1Q_Project\DokiDoki Secret Freind\5_Project\Programming\DokiDoki_Secret_Freind\DokiDoki_Secret_Freind\Player.cpp(21,18): warning C4244: '인수': 'double'에서 'int'(으)로 변환하면서 데이터가 손실될 수 있습니다.
E:\GA5th1Q_Project\DokiDoki Secret Freind\5_Project\Programming\DokiDoki_Secret_Freind\DokiDoki_Secret_Freind\Player.cpp(21,15): warning C4244: '인수': 'double'에서 'int'(으)로 변환하면서 데이터가 손실될 수 있습니다.
  Player2.cpp
  PuzzleObj.cpp
E:\GA5th1Q_Project\DokiDoki Secret Freind\5_Project\Programming\DokiDoki_Secret_Freind\DokiDoki_Secret_Freind\PuzzleObj.cpp(22,19): warning C4244: '=': 'double'에서 'LONG'(으)로 변환하면서 데이터가 손실될 수 있습니다.
E:\GA5th1Q_Project\DokiDoki Secret Freind\5_Project\Programming\DokiDoki_Secret_Freind\DokiDoki_Secret_Freind\PuzzleObj.cpp(23,34): warning C4244: '=': 'double'에서 'LONG'(으)로 변환하면서 데이터가 손실될 수 있습니다.
E:\GA5th1Q_Project\DokiDoki Secret Freind\5_Project\Programming\DokiDoki_Secret_Freind\DokiDoki_Secret_Freind\PuzzleObj.cpp(24,19): warning C4244: '=': 'double'에서 'LONG'(으)로 변환하면서 데이터가 손실될 수 있습니다.
E:\GA5th1Q_Project\DokiDoki Secret Freind\5_Project\Programming\DokiDoki_Secret_Freind\DokiDoki_Secret_Freind\PuzzleObj.cpp(25,36): warning C4244: '=': 'double'에서 'LONG'(으)로 변환하면서 데이터가 손실될 수 있습니다.
E:\GA5th1Q_Project\DokiDoki Secret Freind\5_Project\Programming\DokiDoki_Secret_Freind\DokiDoki_Secret_Freind\PuzzleObj.cpp(27,36): warning C4244: '=': 'double'에서 'LONG'(으)로 변환하면서 데이터가 손실될 수 있습니다.
E:\GA5th1Q_Project\DokiDoki Secret Freind\5_Project\Programming\DokiDoki_Secret_Freind\DokiDoki_Secret_Freind\PuzzleObj.cpp(28,37): warning C4244: '=': 'double'에서 'LONG'(으)로 변환하면서 데이터가 손실될 수 있습니다.
  RenderSystem.cpp
E:\GA5th1Q_Project\DokiDoki Secret Freind\5_Project\Programming\DokiDoki_Secret_Freind\DokiDoki_Secret_Freind\RenderSystem.cpp(113,127): warning C4267: '인수': 'size_t'에서 'int'(으)로 변환하면서 데이터가 손실될 수 있습니다.
E:\GA5th1Q_Project\DokiDoki Secret Freind\5_Project\Programming\DokiDoki_Secret_Freind\DokiDoki_Secret_Freind\RenderSystem.cpp(139,18): warning C4244: '초기화 중': 'double'에서 'float'(으)로 변환하면서 데이터가 손실될 수 있습니다.
E:\GA5th1Q_Project\DokiDoki Secret Freind\5_Project\Programming\DokiDoki_Secret_Freind\DokiDoki_Secret_Freind\RenderSystem.cpp(140,18): warning C4244: '초기화 중': 'double'에서 'float'(으)로 변환하면서 데이터가 손실될 수 있습니다.
E:\GA5th1Q_Project\DokiDoki Secret Freind\5_Project\Programming\DokiDoki_Secret_Freind\DokiDoki_Secret_Freind\RenderSystem.cpp(145,36): warning C4244: '=': 'float'에서 'LONG'(으)로 변환하면서 데이터가 손실될 수 있습니다.
E:\GA5th1Q_Project\DokiDoki Secret Freind\5_Project\Programming\DokiDoki_Secret_Freind\DokiDoki_Secret_Freind\RenderSystem.cpp(146,36): warning C4244: '=': 'float'에서 'LONG'(으)로 변환하면서 데이터가 손실될 수 있습니다.
  ResourcesManager.cpp
E:\GA5th1Q_Project\DokiDoki Secret Freind\5_Project\Programming\DokiDoki_Secret_Freind\DokiDoki_Secret_Freind\PathManager.h(20,2): warning C4091: 'typedef ': 변수를 선언하지 않으면 'E_PATH' 왼쪽은 무시됩니다.
  (소스 파일 'ResourcesManager.cpp'을(를) 컴파일하는 중)
  
E:\GA5th1Q_Project\DokiDoki Secret Freind\5_Project\Programming\DokiDoki_Secret_Freind\DokiDoki_Secret_Freind\ResourcesManager.cpp(312,11): warning C4244: '초기화 중': 'std::streamoff'에서 'int'(으)로 변환하면서 데이터가 손실될 수 있습니다.
  Scene.cpp
E:\GA5th1Q_Project\DokiDoki Secret Freind\5_Project\Programming\DokiDoki_Secret_Freind\DokiDoki_Secret_Freind\SceneManager.h(19,2): warning C4091: 'typedef ': 변수를 선언하지 않으면 'E_SCENE' 왼쪽은 무시됩니다.
  (소스 파일 'Scene.cpp'을(를) 컴파일하는 중)
  
  SceneManager.cpp
E:\GA5th1Q_Project\DokiDoki Secret Freind\5_Project\Programming\DokiDoki_Secret_Freind\DokiDoki_Secret_Freind\SceneManager.h(19,2): warning C4091: 'typedef ': 변수를 선언하지 않으면 'E_SCENE' 왼쪽은 무시됩니다.
  (소스 파일 'SceneManager.cpp'을(를) 컴파일하는 중)
  
  SoundManager.cpp
E:\GA5th1Q_Project\DokiDoki Secret Freind\5_Project\Programming\DokiDoki_Secret_Freind\DokiDoki_Secret_Freind\SoundManager.h(4,10): error C1083: 포함 파일을 열 수 없습니다. 'fmod.h': No such file or directory
  (소스 파일 'SoundManager.cpp'을(를) 컴파일하는 중)
  
  Stage1.cpp
E:\GA5th1Q_Project\DokiDoki Secret Freind\5_Project\Programming\DokiDoki_Secret_Freind\DokiDoki_Secret_Freind\SoundManager.h(4,10): error C1083: 포함 파일을 열 수 없습니다. 'fmod.h': No such file or directory
  (소스 파일 'Stage1.cpp'을(를) 컴파일하는 중)
  
  Stage1Obj.cpp
  Stage2.cpp
E:\GA5th1Q_Project\DokiDoki Secret Freind\5_Project\Programming\DokiDoki_Secret_Freind\DokiDoki_Secret_Freind\PathManager.h(20,2): warning C4091: 'typedef ': 변수를 선언하지 않으면 'E_PATH' 왼쪽은 무시됩니다.
  (소스 파일 'Stage2.cpp'을(를) 컴파일하는 중)
  
E:\GA5th1Q_Project\DokiDoki Secret Freind\5_Project\Programming\DokiDoki_Secret_Freind\DokiDoki_Secret_Freind\SoundManager.h(4,10): error C1083: 포함 파일을 열 수 없습니다. 'fmod.h': No such file or directory
  (소스 파일 'Stage2.cpp'을(를) 컴파일하는 중)
  
  Stage2Obj.cpp
  Stage3.cpp
E:\GA5th1Q_Project\DokiDoki Secret Freind\5_Project\Programming\DokiDoki_Secret_Freind\DokiDoki_Secret_Freind\PathManager.h(20,2): warning C4091: 'typedef ': 변수를 선언하지 않으면 'E_PATH' 왼쪽은 무시됩니다.
  (소스 파일 'Stage3.cpp'을(를) 컴파일하는 중)
  
E:\GA5th1Q_Project\DokiDoki Secret Freind\5_Project\Programming\DokiDoki_Secret_Freind\DokiDoki_Secret_Freind\SceneManager.h(19,2): warning C4091: 'typedef ': 변수를 선언하지 않으면 'E_SCENE' 왼쪽은 무시됩니다.
  (소스 파일 'Stage3.cpp'을(를) 컴파일하는 중)
  
E:\GA5th1Q_Project\DokiDoki Secret Freind\5_Project\Programming\DokiDoki_Secret_Freind\DokiDoki_Secret_Freind\SoundManager.h(4,10): error C1083: 포함 파일을 열 수 없습니다. 'fmod.h': No such file or directory
  (소스 파일 'Stage3.cpp'을(를) 컴파일하는 중)
  
  Stage3Obj.cpp
  코드를 생성하고 있습니다...
E:\GA5th1Q_Project\DokiDoki Secret Freind\5_Project\Programming\DokiDoki_Secret_Freind\DokiDoki_Secret_Freind\PathManager.cpp(120): warning C4172: 지역 변수 또는 임시: dest의 주소를 반환하고 있습니다.
E:\GA5th1Q_Project\DokiDoki Secret Freind\5_Project\Programming\DokiDoki_Secret_Freind\DokiDoki_Secret_Freind\PathManager.cpp(108): warning C4172: 지역 변수 또는 임시: dest의 주소를 반환하고 있습니다.
  컴파일하고 있습니다...
  TestObj.cpp
  TestScene.cpp
E:\GA5th1Q_Project\DokiDoki Secret Freind\5_Project\Programming\DokiDoki_Secret_Freind\DokiDoki_Secret_Freind\SceneManager.h(19,2): warning C4091: 'typedef ': 변수를 선언하지 않으면 'E_SCENE' 왼쪽은 무시됩니다.
  (소스 파일 'TestScene.cpp'을(를) 컴파일하는 중)
  
E:\GA5th1Q_Project\DokiDoki Secret Freind\5_Project\Programming\DokiDoki_Secret_Freind\DokiDoki_Secret_Freind\PathManager.h(20,2): warning C4091: 'typedef ': 변수를 선언하지 않으면 'E_PATH' 왼쪽은 무시됩니다.
  (소스 파일 'TestScene.cpp'을(를) 컴파일하는 중)
  
  TimeManager.cpp
  WInApp.cpp
E:\GA5th1Q_Project\DokiDoki Secret Freind\5_Project\Programming\DokiDoki_Secret_Freind\DokiDoki_Secret_Freind\WInApp.cpp(76,12): warning C4244: '인수': 'time_t'에서 'unsigned int'(으)로 변환하면서 데이터가 손실될 수 있습니다.
  코드를 생성하고 있습니다...
